<?xml version="1.0" encoding="UTF-8"?>
<testng-results total="1" passed="1" failed="0" skipped="0">
  <reporter-output>
  </reporter-output>
  <suite started-at="2022-02-06T20:25:45Z" name="All Tests" finished-at="2022-02-06T20:25:52Z" duration-ms="7162">
    <groups>
    </groups>
    <test started-at="2022-02-06T20:25:45Z" name="JeansTest" finished-at="2022-02-06T20:25:52Z" duration-ms="7162">
      <class name="com.ajio.webautomation.JeansTest">
        <test-method is-config="true" signature="initBrowsers(org.testng.ITestContext)[pri:0, instance:com.ajio.webautomation.JeansTest@65e98b1c]" started-at="2022-02-07T01:55:45Z" name="initBrowsers" finished-at="2022-02-07T01:55:50Z" duration-ms="4486" status="PASS">
          <params>
            <param index="0">
              <value>
                <![CDATA[org.testng.TestRunner@e27ba81]]>
              </value>
            </param>
          </params>
          <reporter-output>
          </reporter-output>
        </test-method> <!-- initBrowsers -->
        <test-method signature="agentDetailsVerification()[pri:0, instance:com.ajio.webautomation.JeansTest@65e98b1c]" started-at="2022-02-07T01:55:50Z" name="agentDetailsVerification" description="Verify jeans details for the first six jeans listed." finished-at="2022-02-07T01:55:52Z" duration-ms="2464" status="PASS">
          <reporter-output>
          </reporter-output>
        </test-method> <!-- agentDetailsVerification -->
        <test-method is-config="true" signature="closeBrowsers()[pri:0, instance:com.ajio.webautomation.JeansTest@65e98b1c]" started-at="2022-02-07T01:55:52Z" name="closeBrowsers" finished-at="2022-02-07T01:55:52Z" duration-ms="191" status="PASS">
          <reporter-output>
          </reporter-output>
        </test-method> <!-- closeBrowsers -->
      </class> <!-- com.ajio.webautomation.JeansTest -->
    </test> <!-- JeansTest -->
  </suite> <!-- All Tests -->
</testng-results>
